Design Assistant report for SaleTerminal
Sun Jun 20 21:00:28 2021
Quartus Prime Version 20.1.1 Build 720 11/11/2020 SJ Lite Edition


---------------------
; Table of Contents ;
---------------------
  1. Legal Notice
  2. Design Assistant Summary
  3. Parallel Compilation
  4. Design Assistant Settings
  5. High Violations
  6. Medium Violations
  7. Information only Violations
  8. Design Assistant Messages



----------------
; Legal Notice ;
----------------
Copyright (C) 2020  Intel Corporation. All rights reserved.
Your use of Intel Corporation's design tools, logic functions 
and other software and tools, and any partner logic 
functions, and any output files from any of the foregoing 
(including device programming or simulation files), and any 
associated documentation or information are expressly subject 
to the terms and conditions of the Intel Program License 
Subscription Agreement, the Intel Quartus Prime License Agreement,
the Intel FPGA IP License Agreement, or other applicable license
agreement, including, without limitation, that your use is for
the sole purpose of programming logic devices manufactured by
Intel and sold by Intel or its authorized distributors.  Please
refer to the applicable agreement for further details, at
https://fpgasoftware.intel.com/eula.



+-------------------------------------------------------------------------+
; Design Assistant Summary                                                ;
+-----------------------------------+-------------------------------------+
; Design Assistant Status           ; Analyzed - Sun Jun 20 21:00:28 2021 ;
; Revision Name                     ; SaleTerminal                        ;
; Top-level Entity Name             ; SaleTerminal                        ;
; Family                            ; Cyclone V                           ;
; Total Critical Violations         ; 0                                   ;
; Total High Violations             ; 13                                  ;
; - Rule D101                       ; 13                                  ;
; Total Medium Violations           ; 3                                   ;
; - Rule C104                       ; 1                                   ;
; - Rule C106                       ; 2                                   ;
; Total Information only Violations ; 71                                  ;
; - Rule T101                       ; 21                                  ;
; - Rule T102                       ; 50                                  ;
+-----------------------------------+-------------------------------------+


+------------------------------------------+
; Parallel Compilation                     ;
+----------------------------+-------------+
; Processors                 ; Number      ;
+----------------------------+-------------+
; Number detected on machine ; 8           ;
; Maximum allowed            ; 4           ;
;                            ;             ;
; Average used               ; 1.00        ;
; Maximum used               ; 3           ;
;                            ;             ;
; Usage by Processor         ; % Time Used ;
;     Processor 1            ; 100.0%      ;
;     Processor 2            ;   0.1%      ;
;     Processor 3            ;   0.1%      ;
+----------------------------+-------------+


+------------------------------------------------------------------------------------------------------------------------------------------------------------------------------------------+
; Design Assistant Settings                                                                                                                                                                ;
+----------------------------------------------------------------------------------------------------------------------------------------------------------------------+--------------+----+
; Option                                                                                                                                                               ; Setting      ; To ;
+----------------------------------------------------------------------------------------------------------------------------------------------------------------------+--------------+----+
; Design Assistant mode                                                                                                                                                ; Post-Fitting ;    ;
; Threshold value for clock net not mapped to clock spines rule                                                                                                        ; 25           ;    ;
; Minimum number of clock port feed by gated clocks                                                                                                                    ; 30           ;    ;
; Minimum number of node fan-out                                                                                                                                       ; 30           ;    ;
; Maximum number of nodes to report                                                                                                                                    ; 50           ;    ;
; Rule C101: Gated clock should be implemented according to the Intel FPGA standard scheme                                                                             ; On           ;    ;
; Rule C102: Logic cell should not be used to generate an inverted clock signal                                                                                        ; On           ;    ;
; Rule C103: Gated clock does not feed at least a pre-defined number of clock ports to effectively save power                                                          ; On           ;    ;
; Rule C104: Clock signal source should drive only clock input ports                                                                                                   ; On           ;    ;
; Rule C105: Clock signal should be a global signal                                                                                                                    ; On           ;    ;
; Rule C106: Clock signal source should not drive registers triggered by different clock edges                                                                         ; On           ;    ;
; Rule R101: Combinational logic used as a reset signal should be synchronized                                                                                         ; On           ;    ;
; Rule R102: External reset signals should be synchronized using two cascaded registers                                                                                ; On           ;    ;
; Rule R103: External reset signal should be correctly synchronized                                                                                                    ; On           ;    ;
; Rule R104: The reset signal that is generated in one clock domain and used in another clock domain should be correctly synchronized                                  ; On           ;    ;
; Rule R105: The reset signal that is generated in one clock domain and used in another clock domain should be synchronized                                            ; On           ;    ;
; Rule T101: Nodes with more than the specified number of fan-outs                                                                                                     ; On           ;    ;
; Rule T102: Top nodes with the highest number of fan-outs                                                                                                             ; On           ;    ;
; Rule A101: Design should not contain combinational loops                                                                                                             ; On           ;    ;
; Rule A102: Register output should not drive its own control signal directly or through combinational logic                                                           ; On           ;    ;
; Rule A103: Design should not contain delay chains                                                                                                                    ; On           ;    ;
; Rule A104: Design should not contain ripple clock structures                                                                                                         ; On           ;    ;
; Rule A105: Pulses should not be implemented asynchronously                                                                                                           ; On           ;    ;
; Rule A106: Multiple pulses should not be generated in design                                                                                                         ; On           ;    ;
; Rule A107: Design should not contain SR latches                                                                                                                      ; On           ;    ;
; Rule A108: Design should not contain latches                                                                                                                         ; On           ;    ;
; Rule S101: Output enable and input of the same tri-state node should not be driven by same signal source                                                             ; On           ;    ;
; Rule S102: Synchronous port and asynchronous port of the same register should not be driven by the same signal source                                                ; On           ;    ;
; Rule S103: More than one asynchronous port of a register should not be driven by the same signal source                                                              ; On           ;    ;
; Rule S104: Clock port and any other port of a register should not be driven by the same signal source                                                                ; On           ;    ;
; Rule D101: Data bits are not synchronized when transferred between asynchronous clock domains                                                                        ; On           ;    ;
; Rule D102: Multiple data bits that are transferred across asynchronous clock domains are synchronized, but not all bits may be aligned in the receiving clock domain ; On           ;    ;
; Rule D103: Data bits are not correctly synchronized when transferred between asynchronous clock domains                                                              ; On           ;    ;
+----------------------------------------------------------------------------------------------------------------------------------------------------------------------+--------------+----+


+------------------------------------------------------------------------------------------------------------------------------------------------------------------------------------------------------------------------------------------------------------------------------------------------------------------------------------------------------------------------------+
; High Violations                                                                                                                                                                                                                                                                                                                                                              ;
+---------------------------------------------------------------------------------------------------------------------------------------------------------------------------------------+--------------------------------------------------------------------------------------------------------------------------------------------------------------------------------------+
; Rule name                                                                                                                                                                             ; Name                                                                                                                                                                                 ;
+---------------------------------------------------------------------------------------------------------------------------------------------------------------------------------------+--------------------------------------------------------------------------------------------------------------------------------------------------------------------------------------+
; Rule D101: Data bits are not synchronized when transferred between asynchronous clock domains - Structure 1                                                                           ;                                                                                                                                                                                      ;
;  Source node(s) from clock "CLOCK_50"                                                                                                                                                 ; ButtonController:ButtonController_inst0|SwitchDebouncer:SwitchDebouncer_SW2|CleanSWOut~DUPLICATE                                                                                     ;
;  Destination node(s) from clock "VGA_Controller:VGA_Controller_inst0|VGA_PLL:VGA_PLL_inst0|VGA_PLL_0002:vga_pll_inst|altera_pll:altera_pll_i|general[0].gpll~FRACTIONAL_PLL_O_VCOPH0" ; VGA_Controller:VGA_Controller_inst0|PixelController:PixelController_inst0|Image_Shape_Submodule:Image_Shape_Submodule_inst0|ImageLocator:ImageLocator_inst0|SW2_Reg                  ;
; Rule D101: Data bits are not synchronized when transferred between asynchronous clock domains - Structure 2                                                                           ;                                                                                                                                                                                      ;
;  Source node(s) from clock "CLOCK_50"                                                                                                                                                 ; HoverController:HoverController_inst0|HighlightedProductList[11]                                                                                                                     ;
;  Destination node(s) from clock "VGA_Controller:VGA_Controller_inst0|VGA_PLL:VGA_PLL_inst0|VGA_PLL_0002:vga_pll_inst|altera_pll:altera_pll_i|general[0].gpll~FRACTIONAL_PLL_O_VCOPH0" ; VGA_Controller:VGA_Controller_inst0|PixelController:PixelController_inst0|Image_Shape_Submodule:Image_Shape_Submodule_inst0|ImageLocator:ImageLocator_inst0|inHighlightedPrdArea_Reg ;
; Rule D101: Data bits are not synchronized when transferred between asynchronous clock domains - Structure 3                                                                           ;                                                                                                                                                                                      ;
;  Source node(s) from clock "CLOCK_50"                                                                                                                                                 ; HoverController:HoverController_inst0|HighlightedProductList[10]                                                                                                                     ;
;  Destination node(s) from clock "VGA_Controller:VGA_Controller_inst0|VGA_PLL:VGA_PLL_inst0|VGA_PLL_0002:vga_pll_inst|altera_pll:altera_pll_i|general[0].gpll~FRACTIONAL_PLL_O_VCOPH0" ; VGA_Controller:VGA_Controller_inst0|PixelController:PixelController_inst0|Image_Shape_Submodule:Image_Shape_Submodule_inst0|ImageLocator:ImageLocator_inst0|inHighlightedPrdArea_Reg ;
; Rule D101: Data bits are not synchronized when transferred between asynchronous clock domains - Structure 4                                                                           ;                                                                                                                                                                                      ;
;  Source node(s) from clock "CLOCK_50"                                                                                                                                                 ; HoverController:HoverController_inst0|HighlightedProductList[8]                                                                                                                      ;
;  Destination node(s) from clock "VGA_Controller:VGA_Controller_inst0|VGA_PLL:VGA_PLL_inst0|VGA_PLL_0002:vga_pll_inst|altera_pll:altera_pll_i|general[0].gpll~FRACTIONAL_PLL_O_VCOPH0" ; VGA_Controller:VGA_Controller_inst0|PixelController:PixelController_inst0|Image_Shape_Submodule:Image_Shape_Submodule_inst0|ImageLocator:ImageLocator_inst0|inHighlightedPrdArea_Reg ;
; Rule D101: Data bits are not synchronized when transferred between asynchronous clock domains - Structure 5                                                                           ;                                                                                                                                                                                      ;
;  Source node(s) from clock "CLOCK_50"                                                                                                                                                 ; HoverController:HoverController_inst0|HighlightedProductList[3]                                                                                                                      ;
;  Destination node(s) from clock "VGA_Controller:VGA_Controller_inst0|VGA_PLL:VGA_PLL_inst0|VGA_PLL_0002:vga_pll_inst|altera_pll:altera_pll_i|general[0].gpll~FRACTIONAL_PLL_O_VCOPH0" ; VGA_Controller:VGA_Controller_inst0|PixelController:PixelController_inst0|Image_Shape_Submodule:Image_Shape_Submodule_inst0|ImageLocator:ImageLocator_inst0|inHighlightedPrdArea_Reg ;
; Rule D101: Data bits are not synchronized when transferred between asynchronous clock domains - Structure 6                                                                           ;                                                                                                                                                                                      ;
;  Source node(s) from clock "CLOCK_50"                                                                                                                                                 ; HoverController:HoverController_inst0|HighlightedProductList[7]                                                                                                                      ;
;  Destination node(s) from clock "VGA_Controller:VGA_Controller_inst0|VGA_PLL:VGA_PLL_inst0|VGA_PLL_0002:vga_pll_inst|altera_pll:altera_pll_i|general[0].gpll~FRACTIONAL_PLL_O_VCOPH0" ; VGA_Controller:VGA_Controller_inst0|PixelController:PixelController_inst0|Image_Shape_Submodule:Image_Shape_Submodule_inst0|ImageLocator:ImageLocator_inst0|inHighlightedPrdArea_Reg ;
; Rule D101: Data bits are not synchronized when transferred between asynchronous clock domains - Structure 7                                                                           ;                                                                                                                                                                                      ;
;  Source node(s) from clock "CLOCK_50"                                                                                                                                                 ; HoverController:HoverController_inst0|HighlightedProductList[0]                                                                                                                      ;
;  Destination node(s) from clock "VGA_Controller:VGA_Controller_inst0|VGA_PLL:VGA_PLL_inst0|VGA_PLL_0002:vga_pll_inst|altera_pll:altera_pll_i|general[0].gpll~FRACTIONAL_PLL_O_VCOPH0" ; VGA_Controller:VGA_Controller_inst0|PixelController:PixelController_inst0|Image_Shape_Submodule:Image_Shape_Submodule_inst0|ImageLocator:ImageLocator_inst0|inHighlightedPrdArea_Reg ;
; Rule D101: Data bits are not synchronized when transferred between asynchronous clock domains - Structure 8                                                                           ;                                                                                                                                                                                      ;
;  Source node(s) from clock "CLOCK_50"                                                                                                                                                 ; HoverController:HoverController_inst0|HighlightedProductList[6]                                                                                                                      ;
;  Destination node(s) from clock "VGA_Controller:VGA_Controller_inst0|VGA_PLL:VGA_PLL_inst0|VGA_PLL_0002:vga_pll_inst|altera_pll:altera_pll_i|general[0].gpll~FRACTIONAL_PLL_O_VCOPH0" ; VGA_Controller:VGA_Controller_inst0|PixelController:PixelController_inst0|Image_Shape_Submodule:Image_Shape_Submodule_inst0|ImageLocator:ImageLocator_inst0|inHighlightedPrdArea_Reg ;
; Rule D101: Data bits are not synchronized when transferred between asynchronous clock domains - Structure 9                                                                           ;                                                                                                                                                                                      ;
;  Source node(s) from clock "CLOCK_50"                                                                                                                                                 ; HoverController:HoverController_inst0|HighlightedProductList[9]                                                                                                                      ;
;  Destination node(s) from clock "VGA_Controller:VGA_Controller_inst0|VGA_PLL:VGA_PLL_inst0|VGA_PLL_0002:vga_pll_inst|altera_pll:altera_pll_i|general[0].gpll~FRACTIONAL_PLL_O_VCOPH0" ; VGA_Controller:VGA_Controller_inst0|PixelController:PixelController_inst0|Image_Shape_Submodule:Image_Shape_Submodule_inst0|ImageLocator:ImageLocator_inst0|inHighlightedPrdArea_Reg ;
; Rule D101: Data bits are not synchronized when transferred between asynchronous clock domains - Structure 10                                                                          ;                                                                                                                                                                                      ;
;  Source node(s) from clock "CLOCK_50"                                                                                                                                                 ; HoverController:HoverController_inst0|HighlightedProductList[5]                                                                                                                      ;
;  Destination node(s) from clock "VGA_Controller:VGA_Controller_inst0|VGA_PLL:VGA_PLL_inst0|VGA_PLL_0002:vga_pll_inst|altera_pll:altera_pll_i|general[0].gpll~FRACTIONAL_PLL_O_VCOPH0" ; VGA_Controller:VGA_Controller_inst0|PixelController:PixelController_inst0|Image_Shape_Submodule:Image_Shape_Submodule_inst0|ImageLocator:ImageLocator_inst0|inHighlightedPrdArea_Reg ;
; Rule D101: Data bits are not synchronized when transferred between asynchronous clock domains - Structure 11                                                                          ;                                                                                                                                                                                      ;
;  Source node(s) from clock "CLOCK_50"                                                                                                                                                 ; HoverController:HoverController_inst0|HighlightedProductList[1]                                                                                                                      ;
;  Destination node(s) from clock "VGA_Controller:VGA_Controller_inst0|VGA_PLL:VGA_PLL_inst0|VGA_PLL_0002:vga_pll_inst|altera_pll:altera_pll_i|general[0].gpll~FRACTIONAL_PLL_O_VCOPH0" ; VGA_Controller:VGA_Controller_inst0|PixelController:PixelController_inst0|Image_Shape_Submodule:Image_Shape_Submodule_inst0|ImageLocator:ImageLocator_inst0|inHighlightedPrdArea_Reg ;
; Rule D101: Data bits are not synchronized when transferred between asynchronous clock domains - Structure 12                                                                          ;                                                                                                                                                                                      ;
;  Source node(s) from clock "CLOCK_50"                                                                                                                                                 ; HoverController:HoverController_inst0|HighlightedProductList[2]                                                                                                                      ;
;  Destination node(s) from clock "VGA_Controller:VGA_Controller_inst0|VGA_PLL:VGA_PLL_inst0|VGA_PLL_0002:vga_pll_inst|altera_pll:altera_pll_i|general[0].gpll~FRACTIONAL_PLL_O_VCOPH0" ; VGA_Controller:VGA_Controller_inst0|PixelController:PixelController_inst0|Image_Shape_Submodule:Image_Shape_Submodule_inst0|ImageLocator:ImageLocator_inst0|inHighlightedPrdArea_Reg ;
; Rule D101: Data bits are not synchronized when transferred between asynchronous clock domains - Structure 13                                                                          ;                                                                                                                                                                                      ;
;  Source node(s) from clock "CLOCK_50"                                                                                                                                                 ; HoverController:HoverController_inst0|HighlightedProductList[4]                                                                                                                      ;
;  Destination node(s) from clock "VGA_Controller:VGA_Controller_inst0|VGA_PLL:VGA_PLL_inst0|VGA_PLL_0002:vga_pll_inst|altera_pll:altera_pll_i|general[0].gpll~FRACTIONAL_PLL_O_VCOPH0" ; VGA_Controller:VGA_Controller_inst0|PixelController:PixelController_inst0|Image_Shape_Submodule:Image_Shape_Submodule_inst0|ImageLocator:ImageLocator_inst0|inHighlightedPrdArea_Reg ;
+---------------------------------------------------------------------------------------------------------------------------------------------------------------------------------------+--------------------------------------------------------------------------------------------------------------------------------------------------------------------------------------+


+-------------------------------------------------------------------------------------------------------------------------------------------------------------------------------------------------------------------------------------------------------------------------------------+
; Medium Violations                                                                                                                                                                                                                                                                   ;
+----------------------------------------------------------------------------------------------+--------------------------------------------------------------------------------------------------------------------------------------------------------------------------------------+
; Rule name                                                                                    ; Name                                                                                                                                                                                 ;
+----------------------------------------------------------------------------------------------+--------------------------------------------------------------------------------------------------------------------------------------------------------------------------------------+
; Rule C104: Clock signal source should drive only clock input ports                           ; CLOCK_50                                                                                                                                                                             ;
;  Clock ports destination node(s) list                                                        ; ButtonController:ButtonController_inst0|SwitchDebouncer:SwitchDebouncer_SW2|CleanSWOut~DUPLICATE                                                                                     ;
;  Clock ports destination node(s) list                                                        ; ButtonController:ButtonController_inst0|SwitchDebouncer:SwitchDebouncer_SW2|PB_sync_1                                                                                                ;
;  Clock ports destination node(s) list                                                        ; ButtonController:ButtonController_inst0|SwitchDebouncer:SwitchDebouncer_SW2|PB_sync_0                                                                                                ;
;  Clock ports destination node(s) list                                                        ; ButtonController:ButtonController_inst0|SwitchDebouncer:SwitchDebouncer_SW2|CleanSWOut                                                                                               ;
;  Clock ports destination node(s) list                                                        ; ButtonController:ButtonController_inst0|SwitchDebouncer:SwitchDebouncer_SW2|Counter[0]                                                                                               ;
;  Clock ports destination node(s) list                                                        ; ButtonController:ButtonController_inst0|SwitchDebouncer:SwitchDebouncer_SW2|Counter[1]                                                                                               ;
;  Clock ports destination node(s) list                                                        ; HoverController:HoverController_inst0|HighlightedDecoderOut[11]                                                                                                                      ;
;  Clock ports destination node(s) list                                                        ; StateMachine:StateMachine_inst0|ProductID_out[0]                                                                                                                                     ;
;  Clock ports destination node(s) list                                                        ; StateMachine:StateMachine_inst0|State[0]                                                                                                                                             ;
;  Clock ports destination node(s) list                                                        ; ButtonController:ButtonController_inst0|ButtonDebouncer:ButtonDebouncer_Key0|CleanButtonOut                                                                                          ;
;  Non-clock ports destination node(s) list                                                    ; VGA_Controller:VGA_Controller_inst0|VGA_PLL:VGA_PLL_inst0|VGA_PLL_0002:vga_pll_inst|altera_pll:altera_pll_i|general[0].gpll                                                          ;
; Rule C106: Clock signal source should not drive registers triggered by different clock edges ; VGA_Controller:VGA_Controller_inst0|VGA_PLL:VGA_PLL_inst0|VGA_PLL_0002:vga_pll_inst|altera_pll:altera_pll_i|general[0].gpll~FRACTIONAL_PLL_O_VCOPH0                                  ;
;  Positive edge destination node(s) list                                                      ; VGA_Controller:VGA_Controller_inst0|PixelController:PixelController_inst0|Image_Shape_Submodule:Image_Shape_Submodule_inst0|RGB_Bus[7]                                               ;
;  Positive edge destination node(s) list                                                      ; VGA_Controller:VGA_Controller_inst0|PixelController:PixelController_inst0|Image_Shape_Submodule:Image_Shape_Submodule_inst0|RGB_Bus[6]                                               ;
;  Positive edge destination node(s) list                                                      ; VGA_Controller:VGA_Controller_inst0|PixelController:PixelController_inst0|Image_Shape_Submodule:Image_Shape_Submodule_inst0|RGB_Bus[5]                                               ;
;  Positive edge destination node(s) list                                                      ; VGA_Controller:VGA_Controller_inst0|PixelController:PixelController_inst0|Image_Shape_Submodule:Image_Shape_Submodule_inst0|RGB_Bus[4]                                               ;
;  Positive edge destination node(s) list                                                      ; VGA_Controller:VGA_Controller_inst0|PixelController:PixelController_inst0|Image_Shape_Submodule:Image_Shape_Submodule_inst0|RGB_Bus[3]                                               ;
;  Positive edge destination node(s) list                                                      ; VGA_Controller:VGA_Controller_inst0|PixelController:PixelController_inst0|Image_Shape_Submodule:Image_Shape_Submodule_inst0|RGB_Bus[2]                                               ;
;  Positive edge destination node(s) list                                                      ; VGA_Controller:VGA_Controller_inst0|PixelController:PixelController_inst0|Image_Shape_Submodule:Image_Shape_Submodule_inst0|RGB_Bus[1]                                               ;
;  Positive edge destination node(s) list                                                      ; VGA_Controller:VGA_Controller_inst0|PixelController:PixelController_inst0|Image_Shape_Submodule:Image_Shape_Submodule_inst0|RGB_Bus[0]                                               ;
;  Positive edge destination node(s) list                                                      ; VGA_Controller:VGA_Controller_inst0|PixelController:PixelController_inst0|Image_Shape_Submodule:Image_Shape_Submodule_inst0|RGB_Bus[20]                                              ;
;  Positive edge destination node(s) list                                                      ; VGA_Controller:VGA_Controller_inst0|PixelController:PixelController_inst0|Image_Shape_Submodule:Image_Shape_Submodule_inst0|RGB_Bus[22]                                              ;
;  Negative edge destination node(s) list                                                      ; VGA_Controller:VGA_Controller_inst0|PixelController:PixelController_inst0|Image_Shape_Submodule:Image_Shape_Submodule_inst0|ImageLocator:ImageLocator_inst0|SW2_Reg                  ;
;  Negative edge destination node(s) list                                                      ; VGA_Controller:VGA_Controller_inst0|PixelController:PixelController_inst0|Image_Shape_Submodule:Image_Shape_Submodule_inst0|ImageLocator:ImageLocator_inst0|inHighlightedPrdArea_Reg ;
;  Negative edge destination node(s) list                                                      ; VGA_Controller:VGA_Controller_inst0|HVSync_Generator:HVSync_Generator_inst0|CounterY[6]                                                                                              ;
;  Negative edge destination node(s) list                                                      ; VGA_Controller:VGA_Controller_inst0|HVSync_Generator:HVSync_Generator_inst0|CounterX[3]                                                                                              ;
;  Negative edge destination node(s) list                                                      ; VGA_Controller:VGA_Controller_inst0|HVSync_Generator:HVSync_Generator_inst0|CounterX[2]                                                                                              ;
;  Negative edge destination node(s) list                                                      ; VGA_Controller:VGA_Controller_inst0|HVSync_Generator:HVSync_Generator_inst0|CounterX[1]                                                                                              ;
;  Negative edge destination node(s) list                                                      ; VGA_Controller:VGA_Controller_inst0|HVSync_Generator:HVSync_Generator_inst0|CounterX[0]                                                                                              ;
;  Negative edge destination node(s) list                                                      ; VGA_Controller:VGA_Controller_inst0|HVSync_Generator:HVSync_Generator_inst0|CounterX[4]                                                                                              ;
;  Negative edge destination node(s) list                                                      ; VGA_Controller:VGA_Controller_inst0|HVSync_Generator:HVSync_Generator_inst0|CounterX[10]                                                                                             ;
;  Negative edge destination node(s) list                                                      ; VGA_Controller:VGA_Controller_inst0|HVSync_Generator:HVSync_Generator_inst0|CounterX[9]                                                                                              ;
; Rule C106: Clock signal source should not drive registers triggered by different clock edges ; CLOCK_50                                                                                                                                                                             ;
;  Positive edge destination node(s) list                                                      ; ButtonController:ButtonController_inst0|SwitchDebouncer:SwitchDebouncer_SW2|CleanSWOut~DUPLICATE                                                                                     ;
;  Positive edge destination node(s) list                                                      ; ButtonController:ButtonController_inst0|SwitchDebouncer:SwitchDebouncer_SW2|CleanSWOut                                                                                               ;
;  Positive edge destination node(s) list                                                      ; HoverController:HoverController_inst0|HighlightedDecoderOut[11]                                                                                                                      ;
;  Positive edge destination node(s) list                                                      ; ButtonController:ButtonController_inst0|SwitchDebouncer:SwitchDebouncer_SW1|CleanSWOut                                                                                               ;
;  Positive edge destination node(s) list                                                      ; StateMachine:StateMachine_inst0|ProductID_out[0]                                                                                                                                     ;
;  Positive edge destination node(s) list                                                      ; StateMachine:StateMachine_inst0|ButtonLevelPulseConverter:Direction2ProductIDResetPulseGenerator_inst0|r1                                                                            ;
;  Positive edge destination node(s) list                                                      ; StateMachine:StateMachine_inst0|ProductID_out[2]                                                                                                                                     ;
;  Positive edge destination node(s) list                                                      ; StateMachine:StateMachine_inst0|ProductID_out[3]                                                                                                                                     ;
;  Positive edge destination node(s) list                                                      ; StateMachine:StateMachine_inst0|Dir_out[0]                                                                                                                                           ;
;  Positive edge destination node(s) list                                                      ; StateMachine:StateMachine_inst0|Dir_out[1]                                                                                                                                           ;
;  Negative edge destination node(s) list                                                      ; HoverController:HoverController_inst0|SW12[1]                                                                                                                                        ;
;  Negative edge destination node(s) list                                                      ; StateMachine:StateMachine_inst0|Direction2ProductID:Direction2ProductID_inst0|BasketID[2]~DUPLICATE                                                                                  ;
;  Negative edge destination node(s) list                                                      ; StateMachine:StateMachine_inst0|Direction2ProductID:Direction2ProductID_inst0|BasketID[3]                                                                                            ;
;  Negative edge destination node(s) list                                                      ; StateMachine:StateMachine_inst0|Direction2ProductID:Direction2ProductID_inst0|BasketID[1]                                                                                            ;
;  Negative edge destination node(s) list                                                      ; StateMachine:StateMachine_inst0|Direction2ProductID:Direction2ProductID_inst0|BasketID[0]                                                                                            ;
;  Negative edge destination node(s) list                                                      ; StateMachine:StateMachine_inst0|Direction2ProductID:Direction2ProductID_inst0|ImgID[1]~DUPLICATE                                                                                     ;
;  Negative edge destination node(s) list                                                      ; StateMachine:StateMachine_inst0|Direction2ProductID:Direction2ProductID_inst0|BasketID[3]~DUPLICATE                                                                                  ;
;  Negative edge destination node(s) list                                                      ; StateMachine:StateMachine_inst0|Direction2ProductID:Direction2ProductID_inst0|BasketID[2]                                                                                            ;
;  Negative edge destination node(s) list                                                      ; StateMachine:StateMachine_inst0|Direction2ProductID:Direction2ProductID_inst0|ImgID[0]                                                                                               ;
;  Negative edge destination node(s) list                                                      ; StateMachine:StateMachine_inst0|Direction2ProductID:Direction2ProductID_inst0|ImgID[3]                                                                                               ;
+----------------------------------------------------------------------------------------------+--------------------------------------------------------------------------------------------------------------------------------------------------------------------------------------+


+------------------------------------------------------------------------------------------------------------------------------------------------------------------------------------------------------------------------------------------------------------------------------------------------------------------------------------------+
; Information only Violations                                                                                                                                                                                                                                                                                                              ;
+------------------------------------------------------------------+-------------------------------------------------------------------------------------------------------------------------------------------------------------------------------------------------------------------------------------------------------------+---------+
; Rule name                                                        ; Name                                                                                                                                                                                                                                                        ; Fan-Out ;
+------------------------------------------------------------------+-------------------------------------------------------------------------------------------------------------------------------------------------------------------------------------------------------------------------------------------------------------+---------+
; Rule T101: Nodes with more than the specified number of fan-outs ; VGA_Controller:VGA_Controller_inst0|VGA_PLL:VGA_PLL_inst0|VGA_PLL_0002:vga_pll_inst|altera_pll:altera_pll_i|outclk_wire[0]~CLKENA0                                                                                                                          ; 420     ;
; Rule T101: Nodes with more than the specified number of fan-outs ; VGA_Controller:VGA_Controller_inst0|PixelController:PixelController_inst0|Image_Shape_Submodule:Image_Shape_Submodule_inst0|ImageLocator:ImageLocator_inst0|inHighlightedArea~0                                                                             ; 32      ;
; Rule T101: Nodes with more than the specified number of fan-outs ; CLOCK_50~inputCLKENA0                                                                                                                                                                                                                                       ; 131     ;
; Rule T101: Nodes with more than the specified number of fan-outs ; VGA_Controller:VGA_Controller_inst0|PixelController:PixelController_inst0|Image_Shape_Submodule:Image_Shape_Submodule_inst0|ImageLocator:ImageLocator_inst0|ROM_Addr[0]~0                                                                                   ; 360     ;
; Rule T101: Nodes with more than the specified number of fan-outs ; VGA_Controller:VGA_Controller_inst0|PixelController:PixelController_inst0|Image_Shape_Submodule:Image_Shape_Submodule_inst0|ImageLocator:ImageLocator_inst0|Encoder16x4:Encoder16x4_inst0|inst7~0                                                           ; 36      ;
; Rule T101: Nodes with more than the specified number of fan-outs ; VGA_Controller:VGA_Controller_inst0|PixelController:PixelController_inst0|Image_Shape_Submodule:Image_Shape_Submodule_inst0|ImageLocator:ImageLocator_inst0|Encoder16x4:Encoder16x4_inst0|inst7~2                                                           ; 35      ;
; Rule T101: Nodes with more than the specified number of fan-outs ; VGA_Controller:VGA_Controller_inst0|PixelController:PixelController_inst0|Image_Shape_Submodule:Image_Shape_Submodule_inst0|ImageLocator:ImageLocator_inst0|ROM_Addr[6]~6                                                                                   ; 360     ;
; Rule T101: Nodes with more than the specified number of fan-outs ; VGA_Controller:VGA_Controller_inst0|PixelController:PixelController_inst0|Image_Shape_Submodule:Image_Shape_Submodule_inst0|ImageLocator:ImageLocator_inst0|ROM_Addr[11]~11                                                                                 ; 360     ;
; Rule T101: Nodes with more than the specified number of fan-outs ; VGA_Controller:VGA_Controller_inst0|PixelController:PixelController_inst0|Image_Shape_Submodule:Image_Shape_Submodule_inst0|ImageLocator:ImageLocator_inst0|ROM_Addr[3]~3                                                                                   ; 360     ;
; Rule T101: Nodes with more than the specified number of fan-outs ; VGA_Controller:VGA_Controller_inst0|PixelController:PixelController_inst0|Image_Shape_Submodule:Image_Shape_Submodule_inst0|ImageLocator:ImageLocator_inst0|ROM_Addr[8]~8                                                                                   ; 360     ;
; Rule T101: Nodes with more than the specified number of fan-outs ; VGA_Controller:VGA_Controller_inst0|PixelController:PixelController_inst0|Image_Shape_Submodule:Image_Shape_Submodule_inst0|ImageLocator:ImageLocator_inst0|ROM_Addr[2]~2                                                                                   ; 360     ;
; Rule T101: Nodes with more than the specified number of fan-outs ; VGA_Controller:VGA_Controller_inst0|PixelController:PixelController_inst0|Image_Shape_Submodule:Image_Shape_Submodule_inst0|ImageLocator:ImageLocator_inst0|ROM_Addr[9]~9                                                                                   ; 360     ;
; Rule T101: Nodes with more than the specified number of fan-outs ; VGA_Controller:VGA_Controller_inst0|PixelController:PixelController_inst0|Image_Shape_Submodule:Image_Shape_Submodule_inst0|ImageLocator:ImageLocator_inst0|ROM_Addr[1]~1                                                                                   ; 360     ;
; Rule T101: Nodes with more than the specified number of fan-outs ; VGA_Controller:VGA_Controller_inst0|PixelController:PixelController_inst0|Image_Shape_Submodule:Image_Shape_Submodule_inst0|ImageLocator:ImageLocator_inst0|ROM_Addr[7]~7                                                                                   ; 360     ;
; Rule T101: Nodes with more than the specified number of fan-outs ; VGA_Controller:VGA_Controller_inst0|PixelController:PixelController_inst0|Image_Shape_Submodule:Image_Shape_Submodule_inst0|ImageLocator:ImageLocator_inst0|ROM_Addr[4]~4                                                                                   ; 360     ;
; Rule T101: Nodes with more than the specified number of fan-outs ; VGA_Controller:VGA_Controller_inst0|PixelController:PixelController_inst0|Image_Shape_Submodule:Image_Shape_Submodule_inst0|ImageLocator:ImageLocator_inst0|ROM_Addr[10]~10                                                                                 ; 360     ;
; Rule T101: Nodes with more than the specified number of fan-outs ; VGA_Controller:VGA_Controller_inst0|PixelController:PixelController_inst0|Image_Shape_Submodule:Image_Shape_Submodule_inst0|ImageLocator:ImageLocator_inst0|ROM_Addr[5]~5                                                                                   ; 360     ;
; Rule T101: Nodes with more than the specified number of fan-outs ; VGA_Controller:VGA_Controller_inst0|PixelController:PixelController_inst0|Image_Shape_Submodule:Image_Shape_Submodule_inst0|ImageLocator:ImageLocator_inst0|ROM_Addr[12]~12                                                                                 ; 360     ;
; Rule T101: Nodes with more than the specified number of fan-outs ; VGA_Controller:VGA_Controller_inst0|PixelController:PixelController_inst0|Image_Shape_Submodule:Image_Shape_Submodule_inst0|ImageROM:ImageROM_inst0|altsyncram:altsyncram_component|altsyncram_ejj1:auto_generated|out_address_reg_a[0]                     ; 96      ;
; Rule T101: Nodes with more than the specified number of fan-outs ; VGA_Controller:VGA_Controller_inst0|PixelController:PixelController_inst0|Image_Shape_Submodule:Image_Shape_Submodule_inst0|ImageROM:ImageROM_inst0|altsyncram:altsyncram_component|altsyncram_ejj1:auto_generated|out_address_reg_a[1]                     ; 96      ;
; Rule T101: Nodes with more than the specified number of fan-outs ; VGA_Controller:VGA_Controller_inst0|PixelController:PixelController_inst0|Image_Shape_Submodule:Image_Shape_Submodule_inst0|ImageROM:ImageROM_inst0|altsyncram:altsyncram_component|altsyncram_ejj1:auto_generated|out_address_reg_a[2]~DUPLICATE           ; 31      ;
; Rule T102: Top nodes with the highest number of fan-outs         ; VGA_Controller:VGA_Controller_inst0|VGA_PLL:VGA_PLL_inst0|VGA_PLL_0002:vga_pll_inst|altera_pll:altera_pll_i|outclk_wire[0]~CLKENA0                                                                                                                          ; 420     ;
; Rule T102: Top nodes with the highest number of fan-outs         ; VGA_Controller:VGA_Controller_inst0|PixelController:PixelController_inst0|Image_Shape_Submodule:Image_Shape_Submodule_inst0|ImageLocator:ImageLocator_inst0|ROM_Addr[11]~11                                                                                 ; 360     ;
; Rule T102: Top nodes with the highest number of fan-outs         ; VGA_Controller:VGA_Controller_inst0|PixelController:PixelController_inst0|Image_Shape_Submodule:Image_Shape_Submodule_inst0|ImageLocator:ImageLocator_inst0|ROM_Addr[1]~1                                                                                   ; 360     ;
; Rule T102: Top nodes with the highest number of fan-outs         ; VGA_Controller:VGA_Controller_inst0|PixelController:PixelController_inst0|Image_Shape_Submodule:Image_Shape_Submodule_inst0|ImageLocator:ImageLocator_inst0|ROM_Addr[5]~5                                                                                   ; 360     ;
; Rule T102: Top nodes with the highest number of fan-outs         ; VGA_Controller:VGA_Controller_inst0|PixelController:PixelController_inst0|Image_Shape_Submodule:Image_Shape_Submodule_inst0|ImageLocator:ImageLocator_inst0|ROM_Addr[3]~3                                                                                   ; 360     ;
; Rule T102: Top nodes with the highest number of fan-outs         ; VGA_Controller:VGA_Controller_inst0|PixelController:PixelController_inst0|Image_Shape_Submodule:Image_Shape_Submodule_inst0|ImageLocator:ImageLocator_inst0|ROM_Addr[2]~2                                                                                   ; 360     ;
; Rule T102: Top nodes with the highest number of fan-outs         ; VGA_Controller:VGA_Controller_inst0|PixelController:PixelController_inst0|Image_Shape_Submodule:Image_Shape_Submodule_inst0|ImageLocator:ImageLocator_inst0|ROM_Addr[4]~4                                                                                   ; 360     ;
; Rule T102: Top nodes with the highest number of fan-outs         ; VGA_Controller:VGA_Controller_inst0|PixelController:PixelController_inst0|Image_Shape_Submodule:Image_Shape_Submodule_inst0|ImageLocator:ImageLocator_inst0|ROM_Addr[0]~0                                                                                   ; 360     ;
; Rule T102: Top nodes with the highest number of fan-outs         ; VGA_Controller:VGA_Controller_inst0|PixelController:PixelController_inst0|Image_Shape_Submodule:Image_Shape_Submodule_inst0|ImageLocator:ImageLocator_inst0|ROM_Addr[12]~12                                                                                 ; 360     ;
; Rule T102: Top nodes with the highest number of fan-outs         ; VGA_Controller:VGA_Controller_inst0|PixelController:PixelController_inst0|Image_Shape_Submodule:Image_Shape_Submodule_inst0|ImageLocator:ImageLocator_inst0|ROM_Addr[8]~8                                                                                   ; 360     ;
; Rule T102: Top nodes with the highest number of fan-outs         ; VGA_Controller:VGA_Controller_inst0|PixelController:PixelController_inst0|Image_Shape_Submodule:Image_Shape_Submodule_inst0|ImageLocator:ImageLocator_inst0|ROM_Addr[10]~10                                                                                 ; 360     ;
; Rule T102: Top nodes with the highest number of fan-outs         ; VGA_Controller:VGA_Controller_inst0|PixelController:PixelController_inst0|Image_Shape_Submodule:Image_Shape_Submodule_inst0|ImageLocator:ImageLocator_inst0|ROM_Addr[7]~7                                                                                   ; 360     ;
; Rule T102: Top nodes with the highest number of fan-outs         ; VGA_Controller:VGA_Controller_inst0|PixelController:PixelController_inst0|Image_Shape_Submodule:Image_Shape_Submodule_inst0|ImageLocator:ImageLocator_inst0|ROM_Addr[9]~9                                                                                   ; 360     ;
; Rule T102: Top nodes with the highest number of fan-outs         ; VGA_Controller:VGA_Controller_inst0|PixelController:PixelController_inst0|Image_Shape_Submodule:Image_Shape_Submodule_inst0|ImageLocator:ImageLocator_inst0|ROM_Addr[6]~6                                                                                   ; 360     ;
; Rule T102: Top nodes with the highest number of fan-outs         ; CLOCK_50~inputCLKENA0                                                                                                                                                                                                                                       ; 131     ;
; Rule T102: Top nodes with the highest number of fan-outs         ; VGA_Controller:VGA_Controller_inst0|PixelController:PixelController_inst0|Image_Shape_Submodule:Image_Shape_Submodule_inst0|ImageROM:ImageROM_inst0|altsyncram:altsyncram_component|altsyncram_ejj1:auto_generated|out_address_reg_a[0]                     ; 96      ;
; Rule T102: Top nodes with the highest number of fan-outs         ; VGA_Controller:VGA_Controller_inst0|PixelController:PixelController_inst0|Image_Shape_Submodule:Image_Shape_Submodule_inst0|ImageROM:ImageROM_inst0|altsyncram:altsyncram_component|altsyncram_ejj1:auto_generated|out_address_reg_a[1]                     ; 96      ;
; Rule T102: Top nodes with the highest number of fan-outs         ; VGA_Controller:VGA_Controller_inst0|PixelController:PixelController_inst0|Image_Shape_Submodule:Image_Shape_Submodule_inst0|ImageLocator:ImageLocator_inst0|Encoder16x4:Encoder16x4_inst0|inst7~0                                                           ; 36      ;
; Rule T102: Top nodes with the highest number of fan-outs         ; VGA_Controller:VGA_Controller_inst0|PixelController:PixelController_inst0|Image_Shape_Submodule:Image_Shape_Submodule_inst0|ImageLocator:ImageLocator_inst0|Encoder16x4:Encoder16x4_inst0|inst7~2                                                           ; 35      ;
; Rule T102: Top nodes with the highest number of fan-outs         ; VGA_Controller:VGA_Controller_inst0|PixelController:PixelController_inst0|Image_Shape_Submodule:Image_Shape_Submodule_inst0|ImageLocator:ImageLocator_inst0|inHighlightedArea~0                                                                             ; 32      ;
; Rule T102: Top nodes with the highest number of fan-outs         ; VGA_Controller:VGA_Controller_inst0|PixelController:PixelController_inst0|Image_Shape_Submodule:Image_Shape_Submodule_inst0|ImageROM:ImageROM_inst0|altsyncram:altsyncram_component|altsyncram_ejj1:auto_generated|out_address_reg_a[2]~DUPLICATE           ; 31      ;
; Rule T102: Top nodes with the highest number of fan-outs         ; VGA_Controller:VGA_Controller_inst0|PixelController:PixelController_inst0|Image_Shape_Submodule:Image_Shape_Submodule_inst0|ImageLocator:ImageLocator_inst0|Add0~37                                                                                         ; 25      ;
; Rule T102: Top nodes with the highest number of fan-outs         ; VGA_Controller:VGA_Controller_inst0|HVSync_Generator:HVSync_Generator_inst0|CounterY[5]                                                                                                                                                                     ; 25      ;
; Rule T102: Top nodes with the highest number of fan-outs         ; VGA_Controller:VGA_Controller_inst0|PixelController:PixelController_inst0|Image_Shape_Submodule:Image_Shape_Submodule_inst0|ImageROM:ImageROM_inst0|altsyncram:altsyncram_component|altsyncram_ejj1:auto_generated|decode_l2a:rden_decode|w_anode1546w[3]~0 ; 24      ;
; Rule T102: Top nodes with the highest number of fan-outs         ; VGA_Controller:VGA_Controller_inst0|PixelController:PixelController_inst0|Image_Shape_Submodule:Image_Shape_Submodule_inst0|ImageROM:ImageROM_inst0|altsyncram:altsyncram_component|altsyncram_ejj1:auto_generated|decode_l2a:rden_decode|w_anode1587w[3]~0 ; 24      ;
; Rule T102: Top nodes with the highest number of fan-outs         ; VGA_Controller:VGA_Controller_inst0|PixelController:PixelController_inst0|Image_Shape_Submodule:Image_Shape_Submodule_inst0|ImageROM:ImageROM_inst0|altsyncram:altsyncram_component|altsyncram_ejj1:auto_generated|decode_l2a:rden_decode|w_anode1627w[3]~0 ; 24      ;
; Rule T102: Top nodes with the highest number of fan-outs         ; VGA_Controller:VGA_Controller_inst0|PixelController:PixelController_inst0|Image_Shape_Submodule:Image_Shape_Submodule_inst0|ImageROM:ImageROM_inst0|altsyncram:altsyncram_component|altsyncram_ejj1:auto_generated|decode_l2a:rden_decode|w_anode1506w[3]   ; 24      ;
; Rule T102: Top nodes with the highest number of fan-outs         ; VGA_Controller:VGA_Controller_inst0|PixelController:PixelController_inst0|Image_Shape_Submodule:Image_Shape_Submodule_inst0|ImageROM:ImageROM_inst0|altsyncram:altsyncram_component|altsyncram_ejj1:auto_generated|decode_l2a:rden_decode|w_anode1577w[3]~0 ; 24      ;
; Rule T102: Top nodes with the highest number of fan-outs         ; VGA_Controller:VGA_Controller_inst0|PixelController:PixelController_inst0|Image_Shape_Submodule:Image_Shape_Submodule_inst0|ImageROM:ImageROM_inst0|altsyncram:altsyncram_component|altsyncram_ejj1:auto_generated|decode_l2a:rden_decode|w_anode1617w[3]~0 ; 24      ;
; Rule T102: Top nodes with the highest number of fan-outs         ; VGA_Controller:VGA_Controller_inst0|PixelController:PixelController_inst0|Image_Shape_Submodule:Image_Shape_Submodule_inst0|ImageROM:ImageROM_inst0|altsyncram:altsyncram_component|altsyncram_ejj1:auto_generated|decode_l2a:rden_decode|w_anode1607w[3]~0 ; 24      ;
; Rule T102: Top nodes with the highest number of fan-outs         ; VGA_Controller:VGA_Controller_inst0|PixelController:PixelController_inst0|Image_Shape_Submodule:Image_Shape_Submodule_inst0|ImageROM:ImageROM_inst0|altsyncram:altsyncram_component|altsyncram_ejj1:auto_generated|decode_l2a:rden_decode|w_anode1479w[3]~0 ; 24      ;
; Rule T102: Top nodes with the highest number of fan-outs         ; VGA_Controller:VGA_Controller_inst0|PixelController:PixelController_inst0|Image_Shape_Submodule:Image_Shape_Submodule_inst0|ImageROM:ImageROM_inst0|altsyncram:altsyncram_component|altsyncram_ejj1:auto_generated|decode_l2a:rden_decode|w_anode1496w[3]~0 ; 24      ;
; Rule T102: Top nodes with the highest number of fan-outs         ; VGA_Controller:VGA_Controller_inst0|PixelController:PixelController_inst0|Image_Shape_Submodule:Image_Shape_Submodule_inst0|ImageROM:ImageROM_inst0|altsyncram:altsyncram_component|altsyncram_ejj1:auto_generated|decode_l2a:rden_decode|w_anode1536w[3]~0 ; 24      ;
; Rule T102: Top nodes with the highest number of fan-outs         ; VGA_Controller:VGA_Controller_inst0|PixelController:PixelController_inst0|Image_Shape_Submodule:Image_Shape_Submodule_inst0|ImageROM:ImageROM_inst0|altsyncram:altsyncram_component|altsyncram_ejj1:auto_generated|decode_l2a:rden_decode|w_anode1556w[3]~0 ; 24      ;
; Rule T102: Top nodes with the highest number of fan-outs         ; VGA_Controller:VGA_Controller_inst0|PixelController:PixelController_inst0|Image_Shape_Submodule:Image_Shape_Submodule_inst0|ImageROM:ImageROM_inst0|altsyncram:altsyncram_component|altsyncram_ejj1:auto_generated|decode_l2a:rden_decode|w_anode1566w[3]~0 ; 24      ;
; Rule T102: Top nodes with the highest number of fan-outs         ; VGA_Controller:VGA_Controller_inst0|PixelController:PixelController_inst0|Image_Shape_Submodule:Image_Shape_Submodule_inst0|ImageROM:ImageROM_inst0|altsyncram:altsyncram_component|altsyncram_ejj1:auto_generated|decode_l2a:rden_decode|w_anode1516w[3]~0 ; 24      ;
; Rule T102: Top nodes with the highest number of fan-outs         ; VGA_Controller:VGA_Controller_inst0|PixelController:PixelController_inst0|Image_Shape_Submodule:Image_Shape_Submodule_inst0|ImageROM:ImageROM_inst0|altsyncram:altsyncram_component|altsyncram_ejj1:auto_generated|decode_l2a:rden_decode|w_anode1597w[3]~0 ; 24      ;
; Rule T102: Top nodes with the highest number of fan-outs         ; VGA_Controller:VGA_Controller_inst0|PixelController:PixelController_inst0|Image_Shape_Submodule:Image_Shape_Submodule_inst0|ImageROM:ImageROM_inst0|altsyncram:altsyncram_component|altsyncram_ejj1:auto_generated|decode_l2a:rden_decode|w_anode1526w[3]   ; 24      ;
; Rule T102: Top nodes with the highest number of fan-outs         ; VGA_Controller:VGA_Controller_inst0|HVSync_Generator:HVSync_Generator_inst0|CounterY[2]                                                                                                                                                                     ; 23      ;
; Rule T102: Top nodes with the highest number of fan-outs         ; VGA_Controller:VGA_Controller_inst0|HVSync_Generator:HVSync_Generator_inst0|CounterY[4]                                                                                                                                                                     ; 23      ;
; Rule T102: Top nodes with the highest number of fan-outs         ; VGA_Controller:VGA_Controller_inst0|HVSync_Generator:HVSync_Generator_inst0|CounterY[6]                                                                                                                                                                     ; 23      ;
; Rule T102: Top nodes with the highest number of fan-outs         ; VGA_Controller:VGA_Controller_inst0|HVSync_Generator:HVSync_Generator_inst0|CounterY[3]                                                                                                                                                                     ; 23      ;
; Rule T102: Top nodes with the highest number of fan-outs         ; VGA_Controller:VGA_Controller_inst0|HVSync_Generator:HVSync_Generator_inst0|always0~0                                                                                                                                                                       ; 21      ;
; Rule T102: Top nodes with the highest number of fan-outs         ; BarcodeController:BarcodeController_inst0|BarcodeShiftRegister:BarcodeShiftRegister_inst0|Digit_Reg_2[0]~0                                                                                                                                                  ; 21      ;
; Rule T102: Top nodes with the highest number of fan-outs         ; VGA_Controller:VGA_Controller_inst0|HVSync_Generator:HVSync_Generator_inst0|CounterY[7]                                                                                                                                                                     ; 20      ;
; Rule T102: Top nodes with the highest number of fan-outs         ; ButtonController:ButtonController_inst0|SwitchDebouncer:SwitchDebouncer_SW2|CleanSWOut                                                                                                                                                                      ; 20      ;
; Rule T102: Top nodes with the highest number of fan-outs         ; VGA_Controller:VGA_Controller_inst0|HVSync_Generator:HVSync_Generator_inst0|CounterY[8]                                                                                                                                                                     ; 20      ;
; Rule T102: Top nodes with the highest number of fan-outs         ; BarcodeController:BarcodeController_inst0|BarcodeShiftRegister:BarcodeShiftRegister_inst0|Digit_Reg_2[1]                                                                                                                                                    ; 19      ;
; Rule T102: Top nodes with the highest number of fan-outs         ; StateMachine:StateMachine_inst0|ButtonLevelPulseConverter:BarcodeControllerResetPulseGenerator_inst0|ButtonPulseOut                                                                                                                                         ; 19      ;
; Rule T102: Top nodes with the highest number of fan-outs         ; BarcodeController:BarcodeController_inst0|BarcodeShiftRegister:BarcodeShiftRegister_inst0|Digit_Reg_2[0]                                                                                                                                                    ; 18      ;
+------------------------------------------------------------------+-------------------------------------------------------------------------------------------------------------------------------------------------------------------------------------------------------------------------------------------------------------+---------+


+---------------------------+
; Design Assistant Messages ;
+---------------------------+
Info: *******************************************************************
Info: Running Quartus Prime Design Assistant
    Info: Version 20.1.1 Build 720 11/11/2020 SJ Lite Edition
    Info: Processing started: Sun Jun 20 21:00:26 2021
Info: Command: quartus_drc SaleTerminal -c SaleTerminal
Info (332104): Reading SDC File: 'SaleTerminal.sdc'
Info (332110): Deriving PLL clocks
    Info (332110): create_generated_clock -source {VGA_Controller_inst0|VGA_PLL_inst0|vga_pll_inst|altera_pll_i|general[0].gpll~FRACTIONAL_PLL|refclkin} -divide_by 5 -multiply_by 32 -duty_cycle 50.00 -name {VGA_Controller_inst0|VGA_PLL_inst0|vga_pll_inst|altera_pll_i|general[0].gpll~FRACTIONAL_PLL|vcoph[0]} {VGA_Controller_inst0|VGA_PLL_inst0|vga_pll_inst|altera_pll_i|general[0].gpll~FRACTIONAL_PLL|vcoph[0]}
    Info (332110): create_generated_clock -source {VGA_Controller_inst0|VGA_PLL_inst0|vga_pll_inst|altera_pll_i|general[0].gpll~PLL_OUTPUT_COUNTER|vco0ph[0]} -divide_by 8 -duty_cycle 50.00 -name {VGA_Controller_inst0|VGA_PLL_inst0|vga_pll_inst|altera_pll_i|general[0].gpll~PLL_OUTPUT_COUNTER|divclk} {VGA_Controller_inst0|VGA_PLL_inst0|vga_pll_inst|altera_pll_i|general[0].gpll~PLL_OUTPUT_COUNTER|divclk}
Info (332151): Clock uncertainty is not calculated until you update the timing netlist.
Warning (332054): Assignment set_output_delay is accepted but has some problems at SaleTerminal.sdc(93): Set_input_delay/set_output_delay has replaced one or more delays on port "VGA_BLANK_N". Please use -add_delay option if you meant to add additional constraints. File: D:/EE/EE314/Project/QuartusProjectFiles/SaleTerminal.sdc Line: 93
    Info (332050): set_output_delay -max -clock VGA_CLK 0.215 [get_ports VGA_BLANK_N] File: D:/EE/EE314/Project/QuartusProjectFiles/SaleTerminal.sdc Line: 93
Warning (332054): Assignment set_output_delay is accepted but has some problems at SaleTerminal.sdc(94): Set_input_delay/set_output_delay has replaced one or more delays on port "VGA_BLANK_N". Please use -add_delay option if you meant to add additional constraints. File: D:/EE/EE314/Project/QuartusProjectFiles/SaleTerminal.sdc Line: 94
    Info (332050): set_output_delay -min -clock VGA_CLK -1.485 [get_ports VGA_BLANK_N] File: D:/EE/EE314/Project/QuartusProjectFiles/SaleTerminal.sdc Line: 94
Info (332097): The following timing edges are non-unate.  The Timing Analyzer will assume pos-unate behavior for these edges in the clock network.
    Info (332098): Cell: VGA_Controller_inst0|VGA_PLL_inst0|vga_pll_inst|altera_pll_i|general[0].gpll~FRACTIONAL_PLL  from: refclkin  to: fbclk
    Info (332098): Cell: VGA_Controller_inst0|VGA_PLL_inst0|vga_pll_inst|altera_pll_i|general[0].gpll~PLL_OUTPUT_COUNTER  from: vco0ph[0]  to: divclk
    Info (332098): Cell: VGA_Controller_inst0|VGA_PLL_inst0|vga_pll_inst|altera_pll_i|general[0].gpll~PLL_REFCLK_SELECT  from: clkin[0]  to: clkout
Info (332123): Deriving Clock Uncertainty. Please refer to report_sdc in the Timing Analyzer to see clock uncertainties.
Critical Warning (308060): (High) Rule D101: Data bits are not synchronized when transferred between asynchronous clock domains. (Value defined:2). Found 13 asynchronous clock domain interface structure(s) related to this rule.
    Critical Warning (308012): Node  "ButtonController:ButtonController_inst0|SwitchDebouncer:SwitchDebouncer_SW2|CleanSWOut~DUPLICATE" File: D:/EE/EE314/Project/QuartusProjectFiles/SwitchDebouncer.v Line: 22
    Critical Warning (308012): Node  "HoverController:HoverController_inst0|HighlightedProductList[11]" File: D:/EE/EE314/Project/QuartusProjectFiles/HoverController.v Line: 63
    Critical Warning (308012): Node  "HoverController:HoverController_inst0|HighlightedProductList[10]" File: D:/EE/EE314/Project/QuartusProjectFiles/HoverController.v Line: 63
    Critical Warning (308012): Node  "HoverController:HoverController_inst0|HighlightedProductList[8]" File: D:/EE/EE314/Project/QuartusProjectFiles/HoverController.v Line: 63
    Critical Warning (308012): Node  "HoverController:HoverController_inst0|HighlightedProductList[3]" File: D:/EE/EE314/Project/QuartusProjectFiles/HoverController.v Line: 63
    Critical Warning (308012): Node  "HoverController:HoverController_inst0|HighlightedProductList[7]" File: D:/EE/EE314/Project/QuartusProjectFiles/HoverController.v Line: 63
    Critical Warning (308012): Node  "HoverController:HoverController_inst0|HighlightedProductList[0]" File: D:/EE/EE314/Project/QuartusProjectFiles/HoverController.v Line: 63
    Critical Warning (308012): Node  "HoverController:HoverController_inst0|HighlightedProductList[6]" File: D:/EE/EE314/Project/QuartusProjectFiles/HoverController.v Line: 63
    Critical Warning (308012): Node  "HoverController:HoverController_inst0|HighlightedProductList[9]" File: D:/EE/EE314/Project/QuartusProjectFiles/HoverController.v Line: 63
    Critical Warning (308012): Node  "HoverController:HoverController_inst0|HighlightedProductList[5]" File: D:/EE/EE314/Project/QuartusProjectFiles/HoverController.v Line: 63
    Critical Warning (308012): Node  "HoverController:HoverController_inst0|HighlightedProductList[1]" File: D:/EE/EE314/Project/QuartusProjectFiles/HoverController.v Line: 63
    Critical Warning (308012): Node  "HoverController:HoverController_inst0|HighlightedProductList[2]" File: D:/EE/EE314/Project/QuartusProjectFiles/HoverController.v Line: 63
    Critical Warning (308012): Node  "HoverController:HoverController_inst0|HighlightedProductList[4]" File: D:/EE/EE314/Project/QuartusProjectFiles/HoverController.v Line: 63
Warning (308040): (Medium) Rule C104: Clock signal source should drive only clock input ports. Found 1 nodes related to this rule.
    Warning (308010): Node  "CLOCK_50" File: D:/EE/EE314/Project/QuartusProjectFiles/SaleTerminal.v Line: 10
Warning (308022): (Medium) Rule C106: Clock signal source should not drive registers triggered by different clock edges. Found 2 node(s) related to this rule.
    Warning (308010): Node  "VGA_Controller:VGA_Controller_inst0|VGA_PLL:VGA_PLL_inst0|VGA_PLL_0002:vga_pll_inst|altera_pll:altera_pll_i|general[0].gpll~FRACTIONAL_PLL_O_VCOPH0" File: c:/intelfpga_lite/20.1/quartus/libraries/megafunctions/altera_pll.v Line: 749
    Warning (308010): Node  "CLOCK_50" File: D:/EE/EE314/Project/QuartusProjectFiles/SaleTerminal.v Line: 10
Info (308046): (Information) Rule T101: Nodes with more than the specified number of fan-outs. (Value defined:30). Found 21 node(s) with highest fan-out.
    Info (308011): Node  "VGA_Controller:VGA_Controller_inst0|VGA_PLL:VGA_PLL_inst0|VGA_PLL_0002:vga_pll_inst|altera_pll:altera_pll_i|outclk_wire[0]~CLKENA0" File: c:/intelfpga_lite/20.1/quartus/libraries/megafunctions/altera_pll.v Line: 414
    Info (308011): Node  "VGA_Controller:VGA_Controller_inst0|PixelController:PixelController_inst0|Image_Shape_Submodule:Image_Shape_Submodule_inst0|ImageLocator:ImageLocator_inst0|inHighlightedArea~0" File: D:/EE/EE314/Project/QuartusProjectFiles/ImageLocator.v Line: 46
    Info (308011): Node  "CLOCK_50~inputCLKENA0" File: D:/EE/EE314/Project/QuartusProjectFiles/SaleTerminal.v Line: 10
    Info (308011): Node  "VGA_Controller:VGA_Controller_inst0|PixelController:PixelController_inst0|Image_Shape_Submodule:Image_Shape_Submodule_inst0|ImageLocator:ImageLocator_inst0|ROM_Addr[0]~0" File: D:/EE/EE314/Project/QuartusProjectFiles/ImageLocator.v Line: 42
    Info (308011): Node  "VGA_Controller:VGA_Controller_inst0|PixelController:PixelController_inst0|Image_Shape_Submodule:Image_Shape_Submodule_inst0|ImageLocator:ImageLocator_inst0|Encoder16x4:Encoder16x4_inst0|inst7~0"
    Info (308011): Node  "VGA_Controller:VGA_Controller_inst0|PixelController:PixelController_inst0|Image_Shape_Submodule:Image_Shape_Submodule_inst0|ImageLocator:ImageLocator_inst0|Encoder16x4:Encoder16x4_inst0|inst7~2"
    Info (308011): Node  "VGA_Controller:VGA_Controller_inst0|PixelController:PixelController_inst0|Image_Shape_Submodule:Image_Shape_Submodule_inst0|ImageLocator:ImageLocator_inst0|ROM_Addr[6]~6" File: D:/EE/EE314/Project/QuartusProjectFiles/ImageLocator.v Line: 42
    Info (308011): Node  "VGA_Controller:VGA_Controller_inst0|PixelController:PixelController_inst0|Image_Shape_Submodule:Image_Shape_Submodule_inst0|ImageLocator:ImageLocator_inst0|ROM_Addr[11]~11" File: D:/EE/EE314/Project/QuartusProjectFiles/ImageLocator.v Line: 42
    Info (308011): Node  "VGA_Controller:VGA_Controller_inst0|PixelController:PixelController_inst0|Image_Shape_Submodule:Image_Shape_Submodule_inst0|ImageLocator:ImageLocator_inst0|ROM_Addr[3]~3" File: D:/EE/EE314/Project/QuartusProjectFiles/ImageLocator.v Line: 42
    Info (308011): Node  "VGA_Controller:VGA_Controller_inst0|PixelController:PixelController_inst0|Image_Shape_Submodule:Image_Shape_Submodule_inst0|ImageLocator:ImageLocator_inst0|ROM_Addr[8]~8" File: D:/EE/EE314/Project/QuartusProjectFiles/ImageLocator.v Line: 42
    Info (308011): Node  "VGA_Controller:VGA_Controller_inst0|PixelController:PixelController_inst0|Image_Shape_Submodule:Image_Shape_Submodule_inst0|ImageLocator:ImageLocator_inst0|ROM_Addr[2]~2" File: D:/EE/EE314/Project/QuartusProjectFiles/ImageLocator.v Line: 42
    Info (308011): Node  "VGA_Controller:VGA_Controller_inst0|PixelController:PixelController_inst0|Image_Shape_Submodule:Image_Shape_Submodule_inst0|ImageLocator:ImageLocator_inst0|ROM_Addr[9]~9" File: D:/EE/EE314/Project/QuartusProjectFiles/ImageLocator.v Line: 42
    Info (308011): Node  "VGA_Controller:VGA_Controller_inst0|PixelController:PixelController_inst0|Image_Shape_Submodule:Image_Shape_Submodule_inst0|ImageLocator:ImageLocator_inst0|ROM_Addr[1]~1" File: D:/EE/EE314/Project/QuartusProjectFiles/ImageLocator.v Line: 42
    Info (308011): Node  "VGA_Controller:VGA_Controller_inst0|PixelController:PixelController_inst0|Image_Shape_Submodule:Image_Shape_Submodule_inst0|ImageLocator:ImageLocator_inst0|ROM_Addr[7]~7" File: D:/EE/EE314/Project/QuartusProjectFiles/ImageLocator.v Line: 42
    Info (308011): Node  "VGA_Controller:VGA_Controller_inst0|PixelController:PixelController_inst0|Image_Shape_Submodule:Image_Shape_Submodule_inst0|ImageLocator:ImageLocator_inst0|ROM_Addr[4]~4" File: D:/EE/EE314/Project/QuartusProjectFiles/ImageLocator.v Line: 42
    Info (308011): Node  "VGA_Controller:VGA_Controller_inst0|PixelController:PixelController_inst0|Image_Shape_Submodule:Image_Shape_Submodule_inst0|ImageLocator:ImageLocator_inst0|ROM_Addr[10]~10" File: D:/EE/EE314/Project/QuartusProjectFiles/ImageLocator.v Line: 42
    Info (308011): Node  "VGA_Controller:VGA_Controller_inst0|PixelController:PixelController_inst0|Image_Shape_Submodule:Image_Shape_Submodule_inst0|ImageLocator:ImageLocator_inst0|ROM_Addr[5]~5" File: D:/EE/EE314/Project/QuartusProjectFiles/ImageLocator.v Line: 42
    Info (308011): Node  "VGA_Controller:VGA_Controller_inst0|PixelController:PixelController_inst0|Image_Shape_Submodule:Image_Shape_Submodule_inst0|ImageLocator:ImageLocator_inst0|ROM_Addr[12]~12" File: D:/EE/EE314/Project/QuartusProjectFiles/ImageLocator.v Line: 42
    Info (308011): Node  "VGA_Controller:VGA_Controller_inst0|PixelController:PixelController_inst0|Image_Shape_Submodule:Image_Shape_Submodule_inst0|ImageROM:ImageROM_inst0|altsyncram:altsyncram_component|altsyncram_ejj1:auto_generated|out_address_reg_a[0]" File: D:/EE/EE314/Project/QuartusProjectFiles/db/altsyncram_ejj1.tdf Line: 40
    Info (308011): Node  "VGA_Controller:VGA_Controller_inst0|PixelController:PixelController_inst0|Image_Shape_Submodule:Image_Shape_Submodule_inst0|ImageROM:ImageROM_inst0|altsyncram:altsyncram_component|altsyncram_ejj1:auto_generated|out_address_reg_a[1]" File: D:/EE/EE314/Project/QuartusProjectFiles/db/altsyncram_ejj1.tdf Line: 40
    Info (308011): Node  "VGA_Controller:VGA_Controller_inst0|PixelController:PixelController_inst0|Image_Shape_Submodule:Image_Shape_Submodule_inst0|ImageROM:ImageROM_inst0|altsyncram:altsyncram_component|altsyncram_ejj1:auto_generated|out_address_reg_a[2]~DUPLICATE" File: D:/EE/EE314/Project/QuartusProjectFiles/db/altsyncram_ejj1.tdf Line: 40
Info (308044): (Information) Rule T102: Top nodes with the highest number of fan-outs. (Value defined:50). Found 50 node(s) with highest fan-out.
    Info (308011): Node  "VGA_Controller:VGA_Controller_inst0|VGA_PLL:VGA_PLL_inst0|VGA_PLL_0002:vga_pll_inst|altera_pll:altera_pll_i|outclk_wire[0]~CLKENA0" File: c:/intelfpga_lite/20.1/quartus/libraries/megafunctions/altera_pll.v Line: 414
    Info (308011): Node  "VGA_Controller:VGA_Controller_inst0|PixelController:PixelController_inst0|Image_Shape_Submodule:Image_Shape_Submodule_inst0|ImageLocator:ImageLocator_inst0|ROM_Addr[11]~11" File: D:/EE/EE314/Project/QuartusProjectFiles/ImageLocator.v Line: 42
    Info (308011): Node  "VGA_Controller:VGA_Controller_inst0|PixelController:PixelController_inst0|Image_Shape_Submodule:Image_Shape_Submodule_inst0|ImageLocator:ImageLocator_inst0|ROM_Addr[1]~1" File: D:/EE/EE314/Project/QuartusProjectFiles/ImageLocator.v Line: 42
    Info (308011): Node  "VGA_Controller:VGA_Controller_inst0|PixelController:PixelController_inst0|Image_Shape_Submodule:Image_Shape_Submodule_inst0|ImageLocator:ImageLocator_inst0|ROM_Addr[5]~5" File: D:/EE/EE314/Project/QuartusProjectFiles/ImageLocator.v Line: 42
    Info (308011): Node  "VGA_Controller:VGA_Controller_inst0|PixelController:PixelController_inst0|Image_Shape_Submodule:Image_Shape_Submodule_inst0|ImageLocator:ImageLocator_inst0|ROM_Addr[3]~3" File: D:/EE/EE314/Project/QuartusProjectFiles/ImageLocator.v Line: 42
    Info (308011): Node  "VGA_Controller:VGA_Controller_inst0|PixelController:PixelController_inst0|Image_Shape_Submodule:Image_Shape_Submodule_inst0|ImageLocator:ImageLocator_inst0|ROM_Addr[2]~2" File: D:/EE/EE314/Project/QuartusProjectFiles/ImageLocator.v Line: 42
    Info (308011): Node  "VGA_Controller:VGA_Controller_inst0|PixelController:PixelController_inst0|Image_Shape_Submodule:Image_Shape_Submodule_inst0|ImageLocator:ImageLocator_inst0|ROM_Addr[4]~4" File: D:/EE/EE314/Project/QuartusProjectFiles/ImageLocator.v Line: 42
    Info (308011): Node  "VGA_Controller:VGA_Controller_inst0|PixelController:PixelController_inst0|Image_Shape_Submodule:Image_Shape_Submodule_inst0|ImageLocator:ImageLocator_inst0|ROM_Addr[0]~0" File: D:/EE/EE314/Project/QuartusProjectFiles/ImageLocator.v Line: 42
    Info (308011): Node  "VGA_Controller:VGA_Controller_inst0|PixelController:PixelController_inst0|Image_Shape_Submodule:Image_Shape_Submodule_inst0|ImageLocator:ImageLocator_inst0|ROM_Addr[12]~12" File: D:/EE/EE314/Project/QuartusProjectFiles/ImageLocator.v Line: 42
    Info (308011): Node  "VGA_Controller:VGA_Controller_inst0|PixelController:PixelController_inst0|Image_Shape_Submodule:Image_Shape_Submodule_inst0|ImageLocator:ImageLocator_inst0|ROM_Addr[8]~8" File: D:/EE/EE314/Project/QuartusProjectFiles/ImageLocator.v Line: 42
    Info (308011): Node  "VGA_Controller:VGA_Controller_inst0|PixelController:PixelController_inst0|Image_Shape_Submodule:Image_Shape_Submodule_inst0|ImageLocator:ImageLocator_inst0|ROM_Addr[10]~10" File: D:/EE/EE314/Project/QuartusProjectFiles/ImageLocator.v Line: 42
    Info (308011): Node  "VGA_Controller:VGA_Controller_inst0|PixelController:PixelController_inst0|Image_Shape_Submodule:Image_Shape_Submodule_inst0|ImageLocator:ImageLocator_inst0|ROM_Addr[7]~7" File: D:/EE/EE314/Project/QuartusProjectFiles/ImageLocator.v Line: 42
    Info (308011): Node  "VGA_Controller:VGA_Controller_inst0|PixelController:PixelController_inst0|Image_Shape_Submodule:Image_Shape_Submodule_inst0|ImageLocator:ImageLocator_inst0|ROM_Addr[9]~9" File: D:/EE/EE314/Project/QuartusProjectFiles/ImageLocator.v Line: 42
    Info (308011): Node  "VGA_Controller:VGA_Controller_inst0|PixelController:PixelController_inst0|Image_Shape_Submodule:Image_Shape_Submodule_inst0|ImageLocator:ImageLocator_inst0|ROM_Addr[6]~6" File: D:/EE/EE314/Project/QuartusProjectFiles/ImageLocator.v Line: 42
    Info (308011): Node  "CLOCK_50~inputCLKENA0" File: D:/EE/EE314/Project/QuartusProjectFiles/SaleTerminal.v Line: 10
    Info (308011): Node  "VGA_Controller:VGA_Controller_inst0|PixelController:PixelController_inst0|Image_Shape_Submodule:Image_Shape_Submodule_inst0|ImageROM:ImageROM_inst0|altsyncram:altsyncram_component|altsyncram_ejj1:auto_generated|out_address_reg_a[0]" File: D:/EE/EE314/Project/QuartusProjectFiles/db/altsyncram_ejj1.tdf Line: 40
    Info (308011): Node  "VGA_Controller:VGA_Controller_inst0|PixelController:PixelController_inst0|Image_Shape_Submodule:Image_Shape_Submodule_inst0|ImageROM:ImageROM_inst0|altsyncram:altsyncram_component|altsyncram_ejj1:auto_generated|out_address_reg_a[1]" File: D:/EE/EE314/Project/QuartusProjectFiles/db/altsyncram_ejj1.tdf Line: 40
    Info (308011): Node  "VGA_Controller:VGA_Controller_inst0|PixelController:PixelController_inst0|Image_Shape_Submodule:Image_Shape_Submodule_inst0|ImageLocator:ImageLocator_inst0|Encoder16x4:Encoder16x4_inst0|inst7~0"
    Info (308011): Node  "VGA_Controller:VGA_Controller_inst0|PixelController:PixelController_inst0|Image_Shape_Submodule:Image_Shape_Submodule_inst0|ImageLocator:ImageLocator_inst0|Encoder16x4:Encoder16x4_inst0|inst7~2"
    Info (308011): Node  "VGA_Controller:VGA_Controller_inst0|PixelController:PixelController_inst0|Image_Shape_Submodule:Image_Shape_Submodule_inst0|ImageLocator:ImageLocator_inst0|inHighlightedArea~0" File: D:/EE/EE314/Project/QuartusProjectFiles/ImageLocator.v Line: 46
    Info (308011): Node  "VGA_Controller:VGA_Controller_inst0|PixelController:PixelController_inst0|Image_Shape_Submodule:Image_Shape_Submodule_inst0|ImageROM:ImageROM_inst0|altsyncram:altsyncram_component|altsyncram_ejj1:auto_generated|out_address_reg_a[2]~DUPLICATE" File: D:/EE/EE314/Project/QuartusProjectFiles/db/altsyncram_ejj1.tdf Line: 40
    Info (308011): Node  "VGA_Controller:VGA_Controller_inst0|PixelController:PixelController_inst0|Image_Shape_Submodule:Image_Shape_Submodule_inst0|ImageLocator:ImageLocator_inst0|Add0~37" File: D:/EE/EE314/Project/QuartusProjectFiles/ImageLocator.v Line: 179
    Info (308011): Node  "VGA_Controller:VGA_Controller_inst0|HVSync_Generator:HVSync_Generator_inst0|CounterY[5]" File: D:/EE/EE314/Project/QuartusProjectFiles/HVSync_Generator.v Line: 63
    Info (308011): Node  "VGA_Controller:VGA_Controller_inst0|PixelController:PixelController_inst0|Image_Shape_Submodule:Image_Shape_Submodule_inst0|ImageROM:ImageROM_inst0|altsyncram:altsyncram_component|altsyncram_ejj1:auto_generated|decode_l2a:rden_decode|w_anode1546w[3]~0" File: D:/EE/EE314/Project/QuartusProjectFiles/db/decode_l2a.tdf Line: 41
    Info (308011): Node  "VGA_Controller:VGA_Controller_inst0|PixelController:PixelController_inst0|Image_Shape_Submodule:Image_Shape_Submodule_inst0|ImageROM:ImageROM_inst0|altsyncram:altsyncram_component|altsyncram_ejj1:auto_generated|decode_l2a:rden_decode|w_anode1587w[3]~0" File: D:/EE/EE314/Project/QuartusProjectFiles/db/decode_l2a.tdf Line: 45
    Info (308011): Node  "VGA_Controller:VGA_Controller_inst0|PixelController:PixelController_inst0|Image_Shape_Submodule:Image_Shape_Submodule_inst0|ImageROM:ImageROM_inst0|altsyncram:altsyncram_component|altsyncram_ejj1:auto_generated|decode_l2a:rden_decode|w_anode1627w[3]~0" File: D:/EE/EE314/Project/QuartusProjectFiles/db/decode_l2a.tdf Line: 49
    Info (308011): Node  "VGA_Controller:VGA_Controller_inst0|PixelController:PixelController_inst0|Image_Shape_Submodule:Image_Shape_Submodule_inst0|ImageROM:ImageROM_inst0|altsyncram:altsyncram_component|altsyncram_ejj1:auto_generated|decode_l2a:rden_decode|w_anode1506w[3]" File: D:/EE/EE314/Project/QuartusProjectFiles/db/decode_l2a.tdf Line: 37
    Info (308011): Node  "VGA_Controller:VGA_Controller_inst0|PixelController:PixelController_inst0|Image_Shape_Submodule:Image_Shape_Submodule_inst0|ImageROM:ImageROM_inst0|altsyncram:altsyncram_component|altsyncram_ejj1:auto_generated|decode_l2a:rden_decode|w_anode1577w[3]~0" File: D:/EE/EE314/Project/QuartusProjectFiles/db/decode_l2a.tdf Line: 44
    Info (308011): Node  "VGA_Controller:VGA_Controller_inst0|PixelController:PixelController_inst0|Image_Shape_Submodule:Image_Shape_Submodule_inst0|ImageROM:ImageROM_inst0|altsyncram:altsyncram_component|altsyncram_ejj1:auto_generated|decode_l2a:rden_decode|w_anode1617w[3]~0" File: D:/EE/EE314/Project/QuartusProjectFiles/db/decode_l2a.tdf Line: 48
    Info (308011): Node  "VGA_Controller:VGA_Controller_inst0|PixelController:PixelController_inst0|Image_Shape_Submodule:Image_Shape_Submodule_inst0|ImageROM:ImageROM_inst0|altsyncram:altsyncram_component|altsyncram_ejj1:auto_generated|decode_l2a:rden_decode|w_anode1607w[3]~0" File: D:/EE/EE314/Project/QuartusProjectFiles/db/decode_l2a.tdf Line: 47
    Info (308002): Truncated list of Design Assistant messages to 30 messages. Go to sections under Design Assistant section of Compilation Report for complete lists of Design Assistant messages generated.
Info (308007): Design Assistant information: finished post-fitting analysis of current design -- generated 71 information messages and 16 warning messages
Info: Quartus Prime Design Assistant was successful. 0 errors, 21 warnings
    Info: Peak virtual memory: 4779 megabytes
    Info: Processing ended: Sun Jun 20 21:00:28 2021
    Info: Elapsed time: 00:00:02
    Info: Total CPU time (on all processors): 00:00:02


