Flow report for SaleTerminal
Mon Jun 07 21:31:31 2021
Quartus Prime Version 20.1.1 Build 720 11/11/2020 SJ Lite Edition


---------------------
; Table of Contents ;
---------------------
  1. Legal Notice
  2. Flow Summary
  3. Flow Settings
  4. Flow Non-Default Global Settings
  5. Flow Elapsed Time
  6. Flow OS Summary
  7. Flow Log
  8. Flow Messages
  9. Flow Suppressed Messages



----------------
; Legal Notice ;
----------------
Copyright (C) 2020  Intel Corporation. All rights reserved.
Your use of Intel Corporation's design tools, logic functions 
and other software and tools, and any partner logic 
functions, and any output files from any of the foregoing 
(including device programming or simulation files), and any 
associated documentation or information are expressly subject 
to the terms and conditions of the Intel Program License 
Subscription Agreement, the Intel Quartus Prime License Agreement,
the Intel FPGA IP License Agreement, or other applicable license
agreement, including, without limitation, that your use is for
the sole purpose of programming logic devices manufactured by
Intel and sold by Intel or its authorized distributors.  Please
refer to the applicable agreement for further details, at
https://fpgasoftware.intel.com/eula.



+-------------------------------------------------------------------------------+
; Flow Summary                                                                  ;
+---------------------------------+---------------------------------------------+
; Flow Status                     ; Successful - Mon Jun 07 21:31:24 2021       ;
; Quartus Prime Version           ; 20.1.1 Build 720 11/11/2020 SJ Lite Edition ;
; Revision Name                   ; SaleTerminal                                ;
; Top-level Entity Name           ; SaleTerminal                                ;
; Family                          ; Cyclone V                                   ;
; Device                          ; 5CSEMA5F31C6                                ;
; Timing Models                   ; Final                                       ;
; Logic utilization (in ALMs)     ; 1 / 32,070 ( < 1 % )                        ;
; Total registers                 ; 1                                           ;
; Total pins                      ; 33 / 457 ( 7 % )                            ;
; Total virtual pins              ; 0                                           ;
; Total block memory bits         ; 0 / 4,065,280 ( 0 % )                       ;
; Total DSP Blocks                ; 0 / 87 ( 0 % )                              ;
; Total HSSI RX PCSs              ; 0                                           ;
; Total HSSI PMA RX Deserializers ; 0                                           ;
; Total HSSI TX PCSs              ; 0                                           ;
; Total HSSI PMA TX Serializers   ; 0                                           ;
; Total PLLs                      ; 1 / 6 ( 17 % )                              ;
; Total DLLs                      ; 0 / 4 ( 0 % )                               ;
+---------------------------------+---------------------------------------------+


+-----------------------------------------+
; Flow Settings                           ;
+-------------------+---------------------+
; Option            ; Setting             ;
+-------------------+---------------------+
; Start date & time ; 06/07/2021 21:30:20 ;
; Main task         ; Compilation         ;
; Revision Name     ; SaleTerminal        ;
+-------------------+---------------------+


+--------------------------------------------------------------------------------------------------------------------------------------------------+
; Flow Non-Default Global Settings                                                                                                                 ;
+-------------------------------------+-----------------------------------------------------------------+---------------+-------------+------------+
; Assignment Name                     ; Value                                                           ; Default Value ; Entity Name ; Section Id ;
+-------------------------------------+-----------------------------------------------------------------+---------------+-------------+------------+
; COMPILER_SIGNATURE_ID               ; 141812761300711.162309062006520                                 ; --            ; --          ; --         ;
; MAX_CORE_JUNCTION_TEMP              ; 85                                                              ; --            ; --          ; --         ;
; MIN_CORE_JUNCTION_TEMP              ; 0                                                               ; --            ; --          ; --         ;
; MISC_FILE                           ; FP_MULT/simulation/../../FP_MULT.qsys                           ; --            ; --          ; --         ;
; MISC_FILE                           ; FP_MULT/simulation/FP_MULT.v                                    ; --            ; --          ; --         ;
; MISC_FILE                           ; FP_MULT/simulation/submodules/fpoint2_combi.vhd                 ; --            ; --          ; --         ;
; MISC_FILE                           ; FP_MULT/simulation/submodules/FPMinMaxFused/FPMinMaxFused.vhd   ; --            ; --          ; --         ;
; MISC_FILE                           ; FP_MULT/simulation/submodules/FPCompareFused/FPCompareFused.vhd ; --            ; --          ; --         ;
; MISC_FILE                           ; FP_MULT/simulation/submodules/FPNeg_Abs/FPNeg.vhd               ; --            ; --          ; --         ;
; MISC_FILE                           ; FP_MULT/simulation/submodules/FPNeg_Abs/FPAbs.vhd               ; --            ; --          ; --         ;
; MISC_FILE                           ; FP_MULT/synthesis/../FP_MULT.cmp                                ; --            ; --          ; --         ;
; MISC_FILE                           ; FP_MULT/synthesis/../../FP_MULT.qsys                            ; --            ; --          ; --         ;
; MISC_FILE                           ; VGA_PLL.cmp                                                     ; --            ; --          ; --         ;
; MISC_FILE                           ; VGA_PLL_sim/VGA_PLL.vo                                          ; --            ; --          ; --         ;
; PARTITION_COLOR                     ; -- (Not supported for targeted family)                          ; --            ; --          ; Top        ;
; PARTITION_FITTER_PRESERVATION_LEVEL ; -- (Not supported for targeted family)                          ; --            ; --          ; Top        ;
; PARTITION_NETLIST_TYPE              ; -- (Not supported for targeted family)                          ; --            ; --          ; Top        ;
; POWER_BOARD_THERMAL_MODEL           ; None (CONSERVATIVE)                                             ; --            ; --          ; --         ;
; POWER_PRESET_COOLING_SOLUTION       ; 23 MM HEAT SINK WITH 200 LFPM AIRFLOW                           ; --            ; --          ; --         ;
; SLD_FILE                            ; FP_MULT/synthesis/FP_MULT.debuginfo                             ; --            ; --          ; --         ;
; SLD_INFO                            ; QSYS_NAME FP_MULT HAS_SOPCINFO 1 GENERATION_ID 1622840197       ; --            ; FP_MULT     ; --         ;
; SOPCINFO_FILE                       ; FP_MULT/synthesis/../../FP_MULT.sopcinfo                        ; --            ; --          ; --         ;
; SPD_FILE                            ; FP_MULT/simulation/../FP_MULT.spd                               ; --            ; --          ; --         ;
; SPD_FILE                            ; VGA_PLL.spd                                                     ; --            ; --          ; --         ;
; SYNTHESIS_ONLY_QIP                  ; On                                                              ; --            ; --          ; --         ;
; SYNTHESIS_ONLY_QIP                  ; On                                                              ; --            ; --          ; --         ;
+-------------------------------------+-----------------------------------------------------------------+---------------+-------------+------------+


+--------------------------------------------------------------------------------------------------------------------------+
; Flow Elapsed Time                                                                                                        ;
+----------------------+--------------+-------------------------+---------------------+------------------------------------+
; Module Name          ; Elapsed Time ; Average Processors Used ; Peak Virtual Memory ; Total CPU Time (on all processors) ;
+----------------------+--------------+-------------------------+---------------------+------------------------------------+
; Analysis & Synthesis ; 00:00:13     ; 1.0                     ; 4856 MB             ; 00:00:28                           ;
; Fitter               ; 00:00:40     ; 1.0                     ; 6547 MB             ; 00:01:05                           ;
; Assembler            ; 00:00:08     ; 1.0                     ; 4844 MB             ; 00:00:08                           ;
; Timing Analyzer      ; 00:00:06     ; 1.0                     ; 5136 MB             ; 00:00:06                           ;
; Total                ; 00:01:07     ; --                      ; --                  ; 00:01:47                           ;
+----------------------+--------------+-------------------------+---------------------+------------------------------------+


+------------------------------------------------------------------------------------+
; Flow OS Summary                                                                    ;
+----------------------+------------------+------------+------------+----------------+
; Module Name          ; Machine Hostname ; OS Name    ; OS Version ; Processor type ;
+----------------------+------------------+------------+------------+----------------+
; Analysis & Synthesis ; Ataberk-PC       ; Windows 10 ; 10.0       ; x86_64         ;
; Fitter               ; Ataberk-PC       ; Windows 10 ; 10.0       ; x86_64         ;
; Assembler            ; Ataberk-PC       ; Windows 10 ; 10.0       ; x86_64         ;
; Timing Analyzer      ; Ataberk-PC       ; Windows 10 ; 10.0       ; x86_64         ;
+----------------------+------------------+------------+------------+----------------+


------------
; Flow Log ;
------------
quartus_map --read_settings_files=on --write_settings_files=off SaleTerminal -c SaleTerminal
quartus_fit --read_settings_files=off --write_settings_files=off SaleTerminal -c SaleTerminal
quartus_asm --read_settings_files=off --write_settings_files=off SaleTerminal -c SaleTerminal
quartus_sta SaleTerminal -c SaleTerminal



